<?xml version="1.0" encoding="UTF-8"?>
<!-- Generated by org.testng.reporters.JUnitReportReporter -->
<testsuite hostname="DESKTOP-UP2VV7S" failures="0" tests="1" name="PageObjectModel.DWSLogin" time="325.382" errors="0" timestamp="2024-05-27T19:17:58 IST" skipped="0">
  <testcase classname="PageObjectModel.DWSLogin" name="login" time="325.382"/>
</testsuite> <!-- PageObjectModel.DWSLogin -->
