<?xml version="1.0" encoding="UTF-8"?>
<!-- Generated by org.testng.reporters.JUnitReportReporter -->
<testsuite hostname="DESKTOP-UP2VV7S" failures="0" tests="1" name="TestNg.AddToCart" time="14.622" errors="0" timestamp="2024-05-11T19:50:04 IST" skipped="0">
  <testcase classname="TestNg.AddToCart" name="AddToCart" time="14.622"/>
</testsuite> <!-- TestNg.AddToCart -->
