<?xml version="1.0" encoding="UTF-8"?>
<!-- Generated by org.testng.reporters.JUnitReportReporter -->
<testsuite hostname="DESKTOP-UP2VV7S" failures="0" tests="1" name="DataDrivenTesting.PrimeNo" time="1.859" errors="0" timestamp="2024-05-15T11:24:56 IST" skipped="0">
  <testcase classname="DataDrivenTesting.PrimeNo" name="PrimeNo" time="1.859"/>
</testsuite> <!-- DataDrivenTesting.PrimeNo -->
