<?xml version="1.0" encoding="UTF-8"?>
<!-- Generated by org.testng.reporters.JUnitReportReporter -->
<testsuite hostname="DESKTOP-UP2VV7S" failures="0" tests="1" name="Basic.ChronologicalOrder" time="0.008" errors="0" timestamp="2024-05-10T16:41:26 IST" skipped="0">
  <testcase classname="Basic.ChronologicalOrder" name="Test" time="0.008"/>
</testsuite> <!-- Basic.ChronologicalOrder -->
