<?xml version="1.0" encoding="UTF-8"?>
<!-- Generated by org.testng.reporters.JUnitReportReporter -->
<testsuite hostname="DESKTOP-UP2VV7S" failures="0" tests="1" name="Assignment.OpenLink" time="9.781" errors="0" timestamp="2024-05-21T14:18:55 IST" skipped="0">
  <testcase classname="Assignment.OpenLink" name="OpenLink" time="9.781"/>
</testsuite> <!-- Assignment.OpenLink -->
