<?xml version="1.0" encoding="UTF-8"?>
<!-- Generated by org.testng.reporters.JUnitReportReporter -->
<testsuite hostname="DESKTOP-UP2VV7S" failures="0" tests="1" name="DataDrivenTesting.ReadDataForEach" time="0.803" errors="0" timestamp="2024-05-14T12:53:55 IST" skipped="0">
  <testcase classname="DataDrivenTesting.ReadDataForEach" name="ReadDataForEach" time="0.803"/>
</testsuite> <!-- DataDrivenTesting.ReadDataForEach -->
