<?xml version="1.0" encoding="UTF-8"?>
<!-- Generated by org.testng.reporters.JUnitReportReporter -->
<testsuite hostname="DESKTOP-UP2VV7S" failures="0" tests="1" name="PageObjectModel.DWSLogin2" time="14.747" errors="0" timestamp="2024-05-27T19:27:59 IST" skipped="0">
  <testcase classname="PageObjectModel.DWSLogin2" name="login" time="14.747"/>
  <system-out/>
</testsuite> <!-- PageObjectModel.DWSLogin2 -->
