<?xml version="1.0" encoding="UTF-8"?>
<!-- Generated by org.testng.reporters.JUnitReportReporter -->
<testsuite hostname="DESKTOP-UP2VV7S" failures="0" tests="1" name="DataDrivenTesting.WriteDataExcel" time="1.365" errors="0" timestamp="2024-05-29T09:27:06 IST" skipped="0">
  <testcase classname="DataDrivenTesting.WriteDataExcel" name="writedata" time="1.365"/>
  <system-out/>
</testsuite> <!-- DataDrivenTesting.WriteDataExcel -->
