<?xml version="1.0" encoding="UTF-8"?>
<!-- Generated by org.testng.reporters.JUnitReportReporter -->
<testsuite hostname="DESKTOP-UP2VV7S" failures="0" tests="1" name="TestNg.SearchField" time="9.724" errors="0" timestamp="2024-05-11T20:56:49 IST" skipped="0">
  <testcase classname="TestNg.SearchField" name="SearchField" time="9.724"/>
</testsuite> <!-- TestNg.SearchField -->
