<?xml version="1.0" encoding="UTF-8"?>
<!-- Generated by org.testng.reporters.JUnitReportReporter -->
<testsuite hostname="DESKTOP-UP2VV7S" failures="0" tests="1" name="Assignment.GiftCard" time="8.452" errors="0" timestamp="2024-05-21T13:54:15 IST" skipped="0">
  <testcase classname="Assignment.GiftCard" name="giftCard" time="8.452"/>
</testsuite> <!-- Assignment.GiftCard -->
