<?xml version="1.0" encoding="UTF-8"?>
<!-- Generated by org.testng.reporters.JUnitReportReporter -->
<testsuite hostname="DESKTOP-UP2VV7S" failures="0" tests="3" name="Basic.LaunchExcution" time="106.645" errors="0" timestamp="2024-05-09T12:51:10 IST" skipped="0">
  <testcase classname="Basic.LaunchExcution" name="csk" time="76.149"/>
  <testcase classname="Basic.LaunchExcution" name="all" time="17.552"/>
  <testcase classname="Basic.LaunchExcution" name="demo" time="12.944"/>
</testsuite> <!-- Basic.LaunchExcution -->
