<?xml version="1.0" encoding="UTF-8"?>
<!-- Generated by org.testng.reporters.JUnitReportReporter -->
<testsuite hostname="DESKTOP-UP2VV7S" failures="0" tests="5" name="Watch.Watch1" time="70.831" errors="0" timestamp="2024-05-09T20:35:02 IST" skipped="0">
  <testcase classname="Watch.Watch1" name="Fastrack" time="16.825"/>
  <testcase classname="Watch.Watch1" name="Sonata" time="16.199"/>
  <testcase classname="Watch.Watch1" name="Rolex" time="6.915"/>
  <testcase classname="Watch.Watch1" name="Timex" time="14.203"/>
  <testcase classname="Watch.Watch1" name="Titan" time="16.689"/>
</testsuite> <!-- Watch.Watch1 -->
