<?xml version="1.0" encoding="UTF-8"?>
<!-- Generated by org.testng.reporters.JUnitReportReporter -->
<testsuite hostname="DESKTOP-UP2VV7S" failures="0" tests="3" name="HelperMethod.DependsOnMethod" time="68.280" errors="0" timestamp="2024-05-20T19:40:43 IST" skipped="0">
  <testcase classname="HelperMethod.DependsOnMethod" name="modifyAccount" time="35.330"/>
  <testcase classname="HelperMethod.DependsOnMethod" name="deleteAccount" time="9.325"/>
  <testcase classname="HelperMethod.DependsOnMethod" name="createAccount" time="23.625"/>
</testsuite> <!-- HelperMethod.DependsOnMethod -->
