<?xml version="1.0" encoding="UTF-8"?>
<!-- Generated by org.testng.reporters.JUnitReportReporter -->
<testsuite hostname="DESKTOP-UP2VV7S" failures="0" tests="1" name="DataDrivenTesting.EvenOdd" time="0.840" errors="0" timestamp="2024-05-14T20:05:12 IST" skipped="0">
  <testcase classname="DataDrivenTesting.EvenOdd" name="EvenOdd" time="0.840"/>
</testsuite> <!-- DataDrivenTesting.EvenOdd -->
