<?xml version="1.0" encoding="UTF-8"?>
<!-- Generated by org.testng.reporters.JUnitReportReporter -->
<testsuite hostname="DESKTOP-UP2VV7S" failures="0" tests="1" name="Assignment.Assignment_Scrolling" time="12.565" errors="0" timestamp="2024-05-21T21:30:59 IST" skipped="0">
  <testcase classname="Assignment.Assignment_Scrolling" name="scrolling" time="12.565"/>
</testsuite> <!-- Assignment.Assignment_Scrolling -->
