<?xml version="1.0" encoding="UTF-8"?>
<!-- Generated by org.testng.reporters.JUnitReportReporter -->
<testsuite hostname="DESKTOP-UP2VV7S" failures="0" tests="5" name="Shoes.Shoes1" time="177.454" errors="0" timestamp="2024-05-09T20:23:57 IST" skipped="0">
  <testcase classname="Shoes.Shoes1" name="Nike" time="11.931"/>
  <testcase classname="Shoes.Shoes1" name="Adidas" time="119.429"/>
  <testcase classname="Shoes.Shoes1" name="Puma" time="16.111"/>
  <testcase classname="Shoes.Shoes1" name="Bata" time="14.354"/>
  <testcase classname="Shoes.Shoes1" name="Reebok" time="15.629"/>
</testsuite> <!-- Shoes.Shoes1 -->
