<?xml version="1.0" encoding="UTF-8"?>
<!-- Generated by org.testng.reporters.JUnitReportReporter -->
<testsuite hostname="DESKTOP-UP2VV7S" failures="0" tests="1" name="Assertion.AssertEqual" time="8.762" errors="0" timestamp="2024-05-21T11:54:52 IST" skipped="0">
  <testcase classname="Assertion.AssertEqual" name="hardAssert" time="8.762"/>
</testsuite> <!-- Assertion.AssertEqual -->
