<?xml version="1.0" encoding="UTF-8"?>
<!-- Generated by org.testng.reporters.JUnitReportReporter -->
<testsuite hostname="DESKTOP-UP2VV7S" failures="0" tests="1" name="DataDrivenTesting.ReadDataFromPropertyFile" time="62.659" errors="0" timestamp="2024-05-15T12:32:44 IST" skipped="0">
  <testcase classname="DataDrivenTesting.ReadDataFromPropertyFile" name="readData" time="62.659"/>
</testsuite> <!-- DataDrivenTesting.ReadDataFromPropertyFile -->
