<?xml version="1.0" encoding="UTF-8"?>
<!-- Generated by org.testng.reporters.JUnitReportReporter -->
<testsuite hostname="DESKTOP-UP2VV7S" failures="0" tests="1" name="DataDrivenTesting.ReadDataFromExcel" time="1.400" errors="0" timestamp="2024-05-14T11:57:54 IST" skipped="0">
  <testcase classname="DataDrivenTesting.ReadDataFromExcel" name="readData" time="1.400"/>
</testsuite> <!-- DataDrivenTesting.ReadDataFromExcel -->
