<?xml version="1.0" encoding="UTF-8"?>
<!-- Generated by org.testng.reporters.JUnitReportReporter -->
<testsuite hostname="DESKTOP-UP2VV7S" failures="0" tests="1" name="DataDrivenTesting.DataFromXmlFile" time="7.357" errors="0" timestamp="2024-05-21T09:27:54 IST" skipped="0">
  <testcase classname="DataDrivenTesting.DataFromXmlFile" name="dataFromXml" time="7.357"/>
</testsuite> <!-- DataDrivenTesting.DataFromXmlFile -->
