<?xml version="1.0" encoding="UTF-8"?>
<!-- Generated by org.testng.reporters.JUnitReportReporter -->
<testsuite hostname="DESKTOP-UP2VV7S" failures="0" tests="1" name="Parameter.ShopperStack" time="39.821" errors="0" timestamp="2024-05-20T10:19:52 IST" skipped="0">
  <testcase classname="Parameter.ShopperStack" name="shopperLogin" time="39.821"/>
</testsuite> <!-- Parameter.ShopperStack -->
