<?xml version="1.0" encoding="UTF-8"?>
<!-- Generated by org.testng.reporters.JUnitReportReporter -->
<testsuite hostname="DESKTOP-UP2VV7S" failures="0" tests="1" name="Basic.TaskFormValidation" time="16.624" errors="0" timestamp="2024-05-10T16:43:48 IST" skipped="0">
  <testcase classname="Basic.TaskFormValidation" name="demo" time="16.624"/>
</testsuite> <!-- Basic.TaskFormValidation -->
