<?xml version="1.0" encoding="UTF-8"?>
<!-- Generated by org.testng.reporters.JUnitReportReporter -->
<testsuite hostname="DESKTOP-UP2VV7S" failures="0" tests="1" name="TestNg.GiftCard" time="10.672" errors="0" timestamp="2024-05-11T21:08:09 IST" skipped="0">
  <testcase classname="TestNg.GiftCard" name="GiftCard" time="10.672"/>
</testsuite> <!-- TestNg.GiftCard -->
