<?xml version="1.0" encoding="UTF-8"?>
<!-- Generated by org.testng.reporters.JUnitReportReporter -->
<testsuite hostname="DESKTOP-UP2VV7S" failures="0" tests="1" name="DataDrivenTesting.AnotherWay" time="1.087" errors="0" timestamp="2024-05-14T12:54:30 IST" skipped="0">
  <testcase classname="DataDrivenTesting.AnotherWay" name="AnotherWay" time="1.087"/>
</testsuite> <!-- DataDrivenTesting.AnotherWay -->
